<?xml version="1.0" encoding="UTF-8"?>
<testsuite name="WARSZTATY.Warsztat_8_TESTY_JEDNOSTKOWE.P8_Testy_JUnit_Logback.CalculatorTest" tests="1" skipped="0" failures="0" errors="0" timestamp="2023-08-07T15:53:50" hostname="GORO-COMP" time="0.517">
  <properties/>
  <testcase name="add()" classname="WARSZTATY.Warsztat_8_TESTY_JEDNOSTKOWE.P8_Testy_JUnit_Logback.CalculatorTest" time="0.517"/>
  <system-out><![CDATA[2023-08-07T15:53:51 [Test worker] INFO  W.W.P8_Testy_JUnit_Logback.Calculator:add:10 - some info message
2023-08-07T15:53:51 [Test worker] WARN  W.W.P8_Testy_JUnit_Logback.Calculator:add:11 - some warn message
2023-08-07T15:53:51 [Test worker] ERROR W.W.P8_Testy_JUnit_Logback.Calculator:add:12 - some error message
]]></system-out>
  <system-err><![CDATA[]]></system-err>
</testsuite>
