<?xml version="1.0" encoding="UTF-8"?>
<testsuite name="WARSZTATY.Warsztat_8_TESTY_JEDNOSTKOWE.P9_Zasady_pisania_dobrych_testow.CalculatorTest" tests="1" skipped="0" failures="0" errors="0" timestamp="2023-11-24T23:02:46" hostname="GORO-COMP" time="0.007">
  <properties/>
  <testcase name="add()" classname="WARSZTATY.Warsztat_8_TESTY_JEDNOSTKOWE.P9_Zasady_pisania_dobrych_testow.CalculatorTest" time="0.007"/>
  <system-out><![CDATA[13
]]></system-out>
  <system-err><![CDATA[]]></system-err>
</testsuite>
