<?xml version="1.0" encoding="UTF-8"?>
<testsuite name="WARSZTATY.Warsztat_8_TESTY_JEDNOSTKOWE.P5_Testy_JUnit_Assertions.Calculator2Test" tests="1" skipped="0" failures="0" errors="0" timestamp="2023-08-07T15:53:50" hostname="GORO-COMP" time="0.028">
  <properties/>
  <testcase name="Testing throws and them message" classname="WARSZTATY.Warsztat_8_TESTY_JEDNOSTKOWE.P5_Testy_JUnit_Assertions.Calculator2Test" time="0.028"/>
  <system-out><![CDATA[]]></system-out>
  <system-err><![CDATA[]]></system-err>
</testsuite>
