<?xml version="1.0" encoding="UTF-8"?>
<testsuite name="WARSZTATY.Warsztat_8_TESTY_JEDNOSTKOWE.P3_Testy_JUnit_Pierwsze_testy_w_Java.CalculatorTest" tests="4" skipped="0" failures="0" errors="0" timestamp="2023-11-24T23:02:45" hostname="GORO-COMP" time="0.023">
  <properties/>
  <testcase name="testAdd()" classname="WARSZTATY.Warsztat_8_TESTY_JEDNOSTKOWE.P3_Testy_JUnit_Pierwsze_testy_w_Java.CalculatorTest" time="0.007"/>
  <testcase name="testSubstract()" classname="WARSZTATY.Warsztat_8_TESTY_JEDNOSTKOWE.P3_Testy_JUnit_Pierwsze_testy_w_Java.CalculatorTest" time="0.002"/>
  <testcase name="testDivide()" classname="WARSZTATY.Warsztat_8_TESTY_JEDNOSTKOWE.P3_Testy_JUnit_Pierwsze_testy_w_Java.CalculatorTest" time="0.004"/>
  <testcase name="testMultiply()" classname="WARSZTATY.Warsztat_8_TESTY_JEDNOSTKOWE.P3_Testy_JUnit_Pierwsze_testy_w_Java.CalculatorTest" time="0.002"/>
  <system-out><![CDATA[]]></system-out>
  <system-err><![CDATA[]]></system-err>
</testsuite>
