<?xml version="1.0" encoding="UTF-8"?>
<testsuite name="WARSZTATY.Warsztat_8_TESTY_JEDNOSTKOWE.P3_Testy_JUnit_Pierwsze_testy_w_Java.CalculatorTest" tests="4" skipped="0" failures="0" errors="0" timestamp="2023-08-07T15:53:50" hostname="GORO-COMP" time="0.064">
  <properties/>
  <testcase name="testAdd()" classname="WARSZTATY.Warsztat_8_TESTY_JEDNOSTKOWE.P3_Testy_JUnit_Pierwsze_testy_w_Java.CalculatorTest" time="0.057"/>
  <testcase name="testSubstract()" classname="WARSZTATY.Warsztat_8_TESTY_JEDNOSTKOWE.P3_Testy_JUnit_Pierwsze_testy_w_Java.CalculatorTest" time="0.001"/>
  <testcase name="testDivide()" classname="WARSZTATY.Warsztat_8_TESTY_JEDNOSTKOWE.P3_Testy_JUnit_Pierwsze_testy_w_Java.CalculatorTest" time="0.001"/>
  <testcase name="testMultiply()" classname="WARSZTATY.Warsztat_8_TESTY_JEDNOSTKOWE.P3_Testy_JUnit_Pierwsze_testy_w_Java.CalculatorTest" time="0.001"/>
  <system-out><![CDATA[]]></system-out>
  <system-err><![CDATA[]]></system-err>
</testsuite>
