<?xml version="1.0" encoding="UTF-8"?>
<testsuite name="WARSZTATY.Warsztat_8_TESTY_JEDNOSTKOWE.P7_Testy_JUnit_Testy_parametryzowane.CalculatorTest" tests="4" skipped="1" failures="0" errors="0" timestamp="2023-08-07T15:53:50" hostname="GORO-COMP" time="0.009">
  <properties/>
  <testcase name="testAdd()" classname="WARSZTATY.Warsztat_8_TESTY_JEDNOSTKOWE.P7_Testy_JUnit_Testy_parametryzowane.CalculatorTest" time="0.004"/>
  <testcase name="testSubtract()" classname="WARSZTATY.Warsztat_8_TESTY_JEDNOSTKOWE.P7_Testy_JUnit_Testy_parametryzowane.CalculatorTest" time="0.001"/>
  <testcase name="testDivide()" classname="WARSZTATY.Warsztat_8_TESTY_JEDNOSTKOWE.P7_Testy_JUnit_Testy_parametryzowane.CalculatorTest" time="0.0">
    <skipped/>
  </testcase>
  <testcase name="testMultiply()" classname="WARSZTATY.Warsztat_8_TESTY_JEDNOSTKOWE.P7_Testy_JUnit_Testy_parametryzowane.CalculatorTest" time="0.001"/>
  <system-out><![CDATA[]]></system-out>
  <system-err><![CDATA[]]></system-err>
</testsuite>
